Performing C++ SOURCE FILE Test HAVE_CXX_FLAG_WSHORTEN_64_TO_32 failed with the following output:
Change Dir: /root/sam/matmul-cuda/build/CMakeFiles/CMakeTmp

Run Build Command(s):/usr/bin/gmake -f Makefile cmTC_5b654/fast && /usr/bin/gmake  -f CMakeFiles/cmTC_5b654.dir/build.make CMakeFiles/cmTC_5b654.dir/build
gmake[1]: Entering directory '/root/sam/matmul-cuda/build/CMakeFiles/CMakeTmp'
Building CXX object CMakeFiles/cmTC_5b654.dir/src.cxx.o
/usr/bin/c++ -DHAVE_CXX_FLAG_WSHORTEN_64_TO_32  -march=native  -Wall  -Wextra  -Wshadow  -Wfloat-equal  -Wold-style-cast  -Wconversion  -Werror  -pedantic  -pedantic-errors  -Wshorten-64-to-32   -Wshorten-64-to-32 -std=c++14 -o CMakeFiles/cmTC_5b654.dir/src.cxx.o -c /root/sam/matmul-cuda/build/CMakeFiles/CMakeTmp/src.cxx
c++: error: unrecognized command-line option '-Wshorten-64-to-32'
c++: error: unrecognized command-line option '-Wshorten-64-to-32'
gmake[1]: *** [CMakeFiles/cmTC_5b654.dir/build.make:78: CMakeFiles/cmTC_5b654.dir/src.cxx.o] Error 1
gmake[1]: Leaving directory '/root/sam/matmul-cuda/build/CMakeFiles/CMakeTmp'
gmake: *** [Makefile:127: cmTC_5b654/fast] Error 2


Source file was:
int main() { return 0; }
Performing C++ SOURCE FILE Test HAVE_CXX_FLAG_WD654 failed with the following output:
Change Dir: /root/sam/matmul-cuda/build/CMakeFiles/CMakeTmp

Run Build Command(s):/usr/bin/gmake -f Makefile cmTC_90979/fast && /usr/bin/gmake  -f CMakeFiles/cmTC_90979.dir/build.make CMakeFiles/cmTC_90979.dir/build
gmake[1]: Entering directory '/root/sam/matmul-cuda/build/CMakeFiles/CMakeTmp'
Building CXX object CMakeFiles/cmTC_90979.dir/src.cxx.o
/usr/bin/c++ -DHAVE_CXX_FLAG_WD654  -march=native  -Wall  -Wextra  -Wshadow  -Wfloat-equal  -Wold-style-cast  -Wconversion  -Werror  -pedantic  -pedantic-errors  -fstrict-aliasing  -Wno-deprecated-declarations  -Wno-deprecated  -Wstrict-aliasing  -wd654   -wd654 -std=c++14 -o CMakeFiles/cmTC_90979.dir/src.cxx.o -c /root/sam/matmul-cuda/build/CMakeFiles/CMakeTmp/src.cxx
c++: error: unrecognized command-line option '-wd654'
c++: error: unrecognized command-line option '-wd654'
gmake[1]: *** [CMakeFiles/cmTC_90979.dir/build.make:78: CMakeFiles/cmTC_90979.dir/src.cxx.o] Error 1
gmake[1]: Leaving directory '/root/sam/matmul-cuda/build/CMakeFiles/CMakeTmp'
gmake: *** [Makefile:127: cmTC_90979/fast] Error 2


Source file was:
int main() { return 0; }
Performing C++ SOURCE FILE Test HAVE_CXX_FLAG_WTHREAD_SAFETY failed with the following output:
Change Dir: /root/sam/matmul-cuda/build/CMakeFiles/CMakeTmp

Run Build Command(s):/usr/bin/gmake -f Makefile cmTC_f08e9/fast && /usr/bin/gmake  -f CMakeFiles/cmTC_f08e9.dir/build.make CMakeFiles/cmTC_f08e9.dir/build
gmake[1]: Entering directory '/root/sam/matmul-cuda/build/CMakeFiles/CMakeTmp'
Building CXX object CMakeFiles/cmTC_f08e9.dir/src.cxx.o
/usr/bin/c++ -DHAVE_CXX_FLAG_WTHREAD_SAFETY  -march=native  -Wall  -Wextra  -Wshadow  -Wfloat-equal  -Wold-style-cast  -Wconversion  -Werror  -pedantic  -pedantic-errors  -fstrict-aliasing  -Wno-deprecated-declarations  -Wno-deprecated  -Wstrict-aliasing  -Wthread-safety   -Wthread-safety -std=c++14 -o CMakeFiles/cmTC_f08e9.dir/src.cxx.o -c /root/sam/matmul-cuda/build/CMakeFiles/CMakeTmp/src.cxx
c++: error: unrecognized command-line option '-Wthread-safety'
c++: error: unrecognized command-line option '-Wthread-safety'
gmake[1]: *** [CMakeFiles/cmTC_f08e9.dir/build.make:78: CMakeFiles/cmTC_f08e9.dir/src.cxx.o] Error 1
gmake[1]: Leaving directory '/root/sam/matmul-cuda/build/CMakeFiles/CMakeTmp'
gmake: *** [Makefile:127: cmTC_f08e9/fast] Error 2


Source file was:
int main() { return 0; }
